<?xml version="1.0" encoding="UTF-8"?>
<coverage generated="1744803121">
  <project timestamp="1744803121">
    <file name="/Users/lucifer/Desktop/laravel-packages/laravel-page-builder/src/Console/CreateBlockCommand.php">
      <class name="Thinhnx\LaravelPageBuilder\Console\CreateBlockCommand" namespace="global">
        <metrics complexity="4" methods="2" coveredmethods="2" conditionals="0" coveredconditionals="0" statements="17" coveredstatements="17" elements="19" coveredelements="19"/>
      </class>
      <line num="21" type="method" name="handle" visibility="public" complexity="3" crap="3" count="2"/>
      <line num="23" type="stmt" count="2"/>
      <line num="25" type="stmt" count="2"/>
      <line num="26" type="stmt" count="2"/>
      <line num="27" type="stmt" count="2"/>
      <line num="28" type="stmt" count="2"/>
      <line num="31" type="stmt" count="2"/>
      <line num="33" type="stmt" count="2"/>
      <line num="34" type="stmt" count="1"/>
      <line num="35" type="stmt" count="1"/>
      <line num="38" type="stmt" count="2"/>
      <line num="40" type="stmt" count="2"/>
      <line num="41" type="stmt" count="2"/>
      <line num="42" type="stmt" count="2"/>
      <line num="43" type="stmt" count="2"/>
      <line num="44" type="stmt" count="2"/>
      <line num="45" type="stmt" count="2"/>
      <line num="48" type="method" name="isTypeExisted" visibility="private" complexity="1" crap="1" count="2"/>
      <line num="50" type="stmt" count="2"/>
      <metrics loc="53" ncloc="50" classes="1" methods="2" coveredmethods="2" conditionals="0" coveredconditionals="0" statements="17" coveredstatements="17" elements="19" coveredelements="19"/>
    </file>
    <file name="/Users/lucifer/Desktop/laravel-packages/laravel-page-builder/src/Console/InstallPageBuilderCommand.php">
      <class name="Thinhnx\LaravelPageBuilder\Console\InstallPageBuilderCommand" namespace="global">
        <metrics complexity="20" methods="7" coveredmethods="5" conditionals="0" coveredconditionals="0" statements="97" coveredstatements="95" elements="104" coveredelements="100"/>
      </class>
      <line num="19" type="method" name="handle" visibility="public" complexity="2" crap="2" count="30"/>
      <line num="21" type="stmt" count="30"/>
      <line num="23" type="stmt" count="30"/>
      <line num="24" type="stmt" count="30"/>
      <line num="27" type="stmt" count="30"/>
      <line num="30" type="method" name="getStepData" visibility="private" complexity="1" crap="1" count="30"/>
      <line num="32" type="stmt" count="30"/>
      <line num="33" type="stmt" count="30"/>
      <line num="34" type="stmt" count="30"/>
      <line num="35" type="stmt" count="30"/>
      <line num="36" type="stmt" count="30"/>
      <line num="37" type="stmt" count="30"/>
      <line num="38" type="stmt" count="30"/>
      <line num="39" type="stmt" count="30"/>
      <line num="40" type="stmt" count="30"/>
      <line num="41" type="stmt" count="30"/>
      <line num="42" type="stmt" count="30"/>
      <line num="43" type="stmt" count="30"/>
      <line num="44" type="stmt" count="30"/>
      <line num="45" type="stmt" count="30"/>
      <line num="46" type="stmt" count="30"/>
      <line num="47" type="stmt" count="30"/>
      <line num="48" type="stmt" count="30"/>
      <line num="49" type="stmt" count="30"/>
      <line num="50" type="stmt" count="30"/>
      <line num="51" type="stmt" count="30"/>
      <line num="52" type="stmt" count="30"/>
      <line num="53" type="stmt" count="30"/>
      <line num="54" type="stmt" count="30"/>
      <line num="55" type="stmt" count="30"/>
      <line num="56" type="stmt" count="30"/>
      <line num="57" type="stmt" count="30"/>
      <line num="58" type="stmt" count="30"/>
      <line num="59" type="stmt" count="30"/>
      <line num="60" type="stmt" count="30"/>
      <line num="61" type="stmt" count="30"/>
      <line num="62" type="stmt" count="30"/>
      <line num="63" type="stmt" count="30"/>
      <line num="64" type="stmt" count="30"/>
      <line num="65" type="stmt" count="30"/>
      <line num="66" type="stmt" count="30"/>
      <line num="67" type="stmt" count="30"/>
      <line num="68" type="stmt" count="30"/>
      <line num="69" type="stmt" count="30"/>
      <line num="70" type="stmt" count="30"/>
      <line num="71" type="stmt" count="30"/>
      <line num="72" type="stmt" count="30"/>
      <line num="73" type="stmt" count="30"/>
      <line num="74" type="stmt" count="30"/>
      <line num="75" type="stmt" count="30"/>
      <line num="76" type="stmt" count="30"/>
      <line num="79" type="method" name="runStep" visibility="private" complexity="8" crap="8" count="30"/>
      <line num="81" type="stmt" count="30"/>
      <line num="83" type="stmt" count="30"/>
      <line num="84" type="stmt" count="30"/>
      <line num="85" type="stmt" count="30"/>
      <line num="86" type="stmt" count="30"/>
      <line num="87" type="stmt" count="30"/>
      <line num="89" type="stmt" count="30"/>
      <line num="90" type="stmt" count="30"/>
      <line num="91" type="stmt" count="30"/>
      <line num="93" type="stmt" count="30"/>
      <line num="94" type="stmt" count="29"/>
      <line num="95" type="stmt" count="23"/>
      <line num="99" type="stmt" count="30"/>
      <line num="100" type="stmt" count="29"/>
      <line num="101" type="stmt" count="23"/>
      <line num="105" type="stmt" count="30"/>
      <line num="108" type="stmt" count="6"/>
      <line num="109" type="stmt" count="5"/>
      <line num="110" type="stmt" count="5"/>
      <line num="111" type="stmt" count="0"/>
      <line num="113" type="stmt" count="5"/>
      <line num="116" type="stmt" count="1"/>
      <line num="119" type="method" name="fileExist" visibility="private" complexity="2" crap="2" count="30"/>
      <line num="121" type="stmt" count="30"/>
      <line num="122" type="stmt" count="30"/>
      <line num="124" type="stmt" count="30"/>
      <line num="125" type="stmt" count="30"/>
      <line num="126" type="stmt" count="30"/>
      <line num="127" type="stmt" count="30"/>
      <line num="128" type="stmt" count="1"/>
      <line num="129" type="stmt" count="30"/>
      <line num="131" type="stmt" count="30"/>
      <line num="134" type="stmt" count="30"/>
      <line num="137" type="method" name="filesExist" visibility="private" complexity="4" crap="4.07" count="30"/>
      <line num="139" type="stmt" count="30"/>
      <line num="140" type="stmt" count="30"/>
      <line num="141" type="stmt" count="30"/>
      <line num="142" type="stmt" count="2"/>
      <line num="146" type="stmt" count="30"/>
      <line num="149" type="stmt" count="0"/>
      <line num="152" type="method" name="publish" visibility="private" complexity="1" crap="1" count="30"/>
      <line num="154" type="stmt" count="30"/>
      <line num="155" type="stmt" count="30"/>
      <line num="156" type="stmt" count="30"/>
      <line num="157" type="stmt" count="30"/>
      <line num="158" type="stmt" count="30"/>
      <line num="160" type="stmt" count="30"/>
      <line num="163" type="method" name="shouldOverwrite" visibility="private" complexity="2" crap="2" count="5"/>
      <line num="165" type="stmt" count="5"/>
      <line num="166" type="stmt" count="1"/>
      <line num="167" type="stmt" count="4"/>
      <line num="169" type="stmt" count="5"/>
      <metrics loc="172" ncloc="172" classes="1" methods="7" coveredmethods="5" conditionals="0" coveredconditionals="0" statements="97" coveredstatements="95" elements="104" coveredelements="100"/>
    </file>
    <file name="/Users/lucifer/Desktop/laravel-packages/laravel-page-builder/src/Facades/PageBuilder.php">
      <class name="Thinhnx\LaravelPageBuilder\Facades\PageBuilder" namespace="global">
        <metrics complexity="1" methods="1" coveredmethods="1" conditionals="0" coveredconditionals="0" statements="1" coveredstatements="1" elements="2" coveredelements="2"/>
      </class>
      <line num="15" type="method" name="getFacadeAccessor" visibility="protected" complexity="1" crap="1" count="1"/>
      <line num="17" type="stmt" count="1"/>
      <metrics loc="20" ncloc="17" classes="1" methods="1" coveredmethods="1" conditionals="0" coveredconditionals="0" statements="1" coveredstatements="1" elements="2" coveredelements="2"/>
    </file>
    <file name="/Users/lucifer/Desktop/laravel-packages/laravel-page-builder/src/Http/Controllers/Controller.php">
      <class name="Thinhnx\LaravelPageBuilder\Http\Controllers\Controller" namespace="global">
        <metrics complexity="2" methods="1" coveredmethods="1" conditionals="0" coveredconditionals="0" statements="2" coveredstatements="2" elements="3" coveredelements="3"/>
      </class>
      <line num="18" type="method" name="__construct" visibility="public" complexity="2" crap="2" count="8"/>
      <line num="20" type="stmt" count="8"/>
      <line num="21" type="stmt" count="8"/>
      <metrics loc="24" ncloc="24" classes="1" methods="1" coveredmethods="1" conditionals="0" coveredconditionals="0" statements="2" coveredstatements="2" elements="3" coveredelements="3"/>
    </file>
    <file name="/Users/lucifer/Desktop/laravel-packages/laravel-page-builder/src/Http/Controllers/PageBuilderController.php">
      <class name="Thinhnx\LaravelPageBuilder\Http\Controllers\PageBuilderController" namespace="global">
        <metrics complexity="5" methods="2" coveredmethods="0" conditionals="0" coveredconditionals="0" statements="24" coveredstatements="16" elements="26" coveredelements="16"/>
      </class>
      <line num="13" type="method" name="renderBlock" visibility="public" complexity="3" crap="3.47" count="4"/>
      <line num="15" type="stmt" count="4"/>
      <line num="17" type="stmt" count="3"/>
      <line num="18" type="stmt" count="3"/>
      <line num="20" type="stmt" count="3"/>
      <line num="21" type="stmt" count="0"/>
      <line num="22" type="stmt" count="0"/>
      <line num="23" type="stmt" count="0"/>
      <line num="26" type="stmt" count="3"/>
      <line num="29" type="method" name="preview" visibility="public" complexity="2" crap="2.12" count="4"/>
      <line num="31" type="stmt" count="4"/>
      <line num="32" type="stmt" count="4"/>
      <line num="33" type="stmt" count="4"/>
      <line num="34" type="stmt" count="4"/>
      <line num="35" type="stmt" count="4"/>
      <line num="36" type="stmt" count="4"/>
      <line num="38" type="stmt" count="3"/>
      <line num="39" type="stmt" count="3"/>
      <line num="40" type="stmt" count="3"/>
      <line num="42" type="stmt" count="3"/>
      <line num="43" type="stmt" count="0"/>
      <line num="44" type="stmt" count="0"/>
      <line num="45" type="stmt" count="0"/>
      <line num="46" type="stmt" count="0"/>
      <line num="47" type="stmt" count="0"/>
      <line num="50" type="stmt" count="3"/>
      <metrics loc="53" ncloc="53" classes="1" methods="2" coveredmethods="0" conditionals="0" coveredconditionals="0" statements="24" coveredstatements="16" elements="26" coveredelements="16"/>
    </file>
    <file name="/Users/lucifer/Desktop/laravel-packages/laravel-page-builder/src/Http/Controllers/ResponseApiTrait.php">
      <class name="Thinhnx\LaravelPageBuilder\Http\Controllers\ResponseApiTrait" namespace="global">
        <metrics complexity="23" methods="15" coveredmethods="0" conditionals="0" coveredconditionals="0" statements="41" coveredstatements="9" elements="56" coveredelements="9"/>
      </class>
      <line num="45" type="method" name="getStatusCode" visibility="public" complexity="1" crap="2" count="0"/>
      <line num="47" type="stmt" count="0"/>
      <line num="57" type="method" name="setStatusCode" visibility="public" complexity="1" crap="2" count="0"/>
      <line num="59" type="stmt" count="0"/>
      <line num="61" type="stmt" count="0"/>
      <line num="72" type="method" name="sendCustomResponse" visibility="public" complexity="1" crap="2" count="0"/>
      <line num="74" type="stmt" count="0"/>
      <line num="84" type="method" name="sendErrorResponse" visibility="public" complexity="1" crap="2" count="0"/>
      <line num="86" type="stmt" count="0"/>
      <line num="96" type="method" name="sendUnknownFieldResponse" visibility="public" complexity="1" crap="2" count="0"/>
      <line num="98" type="stmt" count="0"/>
      <line num="108" type="method" name="sendInvalidFilterResponse" visibility="public" complexity="1" crap="2" count="0"/>
      <line num="110" type="stmt" count="0"/>
      <line num="120" type="method" name="sendInvalidFieldResponse" visibility="public" complexity="1" crap="2" count="0"/>
      <line num="122" type="stmt" count="0"/>
      <line num="130" type="method" name="sendForbiddenResponse" visibility="public" complexity="1" crap="2" count="0"/>
      <line num="132" type="stmt" count="0"/>
      <line num="142" type="method" name="sendNotFoundResponse" visibility="public" complexity="2" crap="6" count="0"/>
      <line num="144" type="stmt" count="0"/>
      <line num="145" type="stmt" count="0"/>
      <line num="148" type="stmt" count="0"/>
      <line num="156" type="method" name="sendEmptyDataResponse" visibility="public" complexity="1" crap="2" count="0"/>
      <line num="158" type="stmt" count="0"/>
      <line num="169" type="method" name="respondWithArray" visibility="protected" complexity="1" crap="2" count="0"/>
      <line num="171" type="stmt" count="0"/>
      <line num="181" type="method" name="setFractal" visibility="protected" complexity="4" crap="4.25" count="8"/>
      <line num="183" type="stmt" count="8"/>
      <line num="184" type="stmt" count="8"/>
      <line num="185" type="stmt" count="8"/>
      <line num="186" type="stmt" count="8"/>
      <line num="188" type="stmt" count="8"/>
      <line num="189" type="stmt" count="0"/>
      <line num="191" type="stmt" count="8"/>
      <line num="192" type="stmt" count="0"/>
      <line num="194" type="stmt" count="8"/>
      <line num="195" type="stmt" count="0"/>
      <line num="197" type="stmt" count="8"/>
      <line num="198" type="stmt" count="8"/>
      <line num="209" type="method" name="respondWithCollection" visibility="protected" complexity="3" crap="12" count="0"/>
      <line num="211" type="stmt" count="0"/>
      <line num="212" type="stmt" count="0"/>
      <line num="214" type="stmt" count="0"/>
      <line num="218" type="stmt" count="0"/>
      <line num="219" type="stmt" count="0"/>
      <line num="220" type="stmt" count="0"/>
      <line num="222" type="stmt" count="0"/>
      <line num="223" type="stmt" count="0"/>
      <line num="225" type="stmt" count="0"/>
      <line num="237" type="method" name="respondAllWithCollection" visibility="protected" complexity="2" crap="6" count="0"/>
      <line num="239" type="stmt" count="0"/>
      <line num="240" type="stmt" count="0"/>
      <line num="242" type="stmt" count="0"/>
      <line num="254" type="method" name="respondWithItem" visibility="protected" complexity="2" crap="6" count="0"/>
      <line num="256" type="stmt" count="0"/>
      <line num="257" type="stmt" count="0"/>
      <line num="259" type="stmt" count="0"/>
      <metrics loc="262" ncloc="145" classes="1" methods="15" coveredmethods="0" conditionals="0" coveredconditionals="0" statements="41" coveredstatements="9" elements="56" coveredelements="9"/>
    </file>
    <file name="/Users/lucifer/Desktop/laravel-packages/laravel-page-builder/src/LaravelPageBuilderProvider.php">
      <class name="Thinhnx\LaravelPageBuilder\LaravelPageBuilderProvider" namespace="global">
        <metrics complexity="5" methods="4" coveredmethods="4" conditionals="0" coveredconditionals="0" statements="43" coveredstatements="43" elements="47" coveredelements="47"/>
      </class>
      <line num="14" type="method" name="register" visibility="public" complexity="1" crap="1" count="30"/>
      <line num="16" type="stmt" count="30"/>
      <line num="18" type="stmt" count="30"/>
      <line num="21" type="method" name="boot" visibility="public" complexity="2" crap="2" count="30"/>
      <line num="23" type="stmt" count="30"/>
      <line num="24" type="stmt" count="30"/>
      <line num="26" type="stmt" count="30"/>
      <line num="27" type="stmt" count="30"/>
      <line num="28" type="stmt" count="30"/>
      <line num="29" type="stmt" count="30"/>
      <line num="30" type="stmt" count="30"/>
      <line num="33" type="stmt" count="30"/>
      <line num="34" type="stmt" count="30"/>
      <line num="35" type="stmt" count="30"/>
      <line num="36" type="stmt" count="30"/>
      <line num="37" type="stmt" count="30"/>
      <line num="38" type="stmt" count="30"/>
      <line num="39" type="stmt" count="30"/>
      <line num="40" type="stmt" count="30"/>
      <line num="41" type="stmt" count="30"/>
      <line num="42" type="stmt" count="30"/>
      <line num="43" type="stmt" count="30"/>
      <line num="46" type="stmt" count="30"/>
      <line num="47" type="stmt" count="30"/>
      <line num="48" type="stmt" count="30"/>
      <line num="49" type="stmt" count="30"/>
      <line num="50" type="stmt" count="30"/>
      <line num="53" type="stmt" count="30"/>
      <line num="54" type="stmt" count="30"/>
      <line num="55" type="stmt" count="30"/>
      <line num="58" type="stmt" count="30"/>
      <line num="59" type="stmt" count="30"/>
      <line num="60" type="stmt" count="30"/>
      <line num="63" type="stmt" count="30"/>
      <line num="64" type="stmt" count="30"/>
      <line num="65" type="stmt" count="30"/>
      <line num="68" type="stmt" count="30"/>
      <line num="72" type="method" name="registerRoutes" visibility="protected" complexity="1" crap="1" count="30"/>
      <line num="74" type="stmt" count="30"/>
      <line num="75" type="stmt" count="30"/>
      <line num="76" type="stmt" count="30"/>
      <line num="79" type="method" name="routeConfiguration" visibility="protected" complexity="1" crap="1" count="30"/>
      <line num="81" type="stmt" count="30"/>
      <line num="82" type="stmt" count="30"/>
      <line num="83" type="stmt" count="30"/>
      <line num="84" type="stmt" count="30"/>
      <line num="85" type="stmt" count="30"/>
      <metrics loc="88" ncloc="82" classes="1" methods="4" coveredmethods="4" conditionals="0" coveredconditionals="0" statements="43" coveredstatements="43" elements="47" coveredelements="47"/>
    </file>
    <file name="/Users/lucifer/Desktop/laravel-packages/laravel-page-builder/src/Models/Block.php">
      <class name="Thinhnx\LaravelPageBuilder\Models\Block" namespace="global">
        <metrics complexity="2" methods="2" coveredmethods="2" conditionals="0" coveredconditionals="0" statements="3" coveredstatements="3" elements="5" coveredelements="5"/>
      </class>
      <line num="27" type="method" name="__construct" visibility="public" complexity="1" crap="1" count="14"/>
      <line num="29" type="stmt" count="14"/>
      <line num="30" type="stmt" count="14"/>
      <line num="33" type="method" name="newFactory" visibility="protected" complexity="1" crap="1" count="9"/>
      <line num="35" type="stmt" count="9"/>
      <metrics loc="38" ncloc="38" classes="1" methods="2" coveredmethods="2" conditionals="0" coveredconditionals="0" statements="3" coveredstatements="3" elements="5" coveredelements="5"/>
    </file>
    <file name="/Users/lucifer/Desktop/laravel-packages/laravel-page-builder/src/Models/BlockTranslation.php">
      <class name="Thinhnx\LaravelPageBuilder\Models\BlockTranslation" namespace="global">
        <metrics complexity="3" methods="3" coveredmethods="3" conditionals="0" coveredconditionals="0" statements="4" coveredstatements="4" elements="7" coveredelements="7"/>
      </class>
      <line num="25" type="method" name="__construct" visibility="public" complexity="1" crap="1" count="12"/>
      <line num="27" type="stmt" count="12"/>
      <line num="28" type="stmt" count="12"/>
      <line num="31" type="method" name="newFactory" visibility="public" complexity="1" crap="1" count="5"/>
      <line num="33" type="stmt" count="5"/>
      <line num="36" type="method" name="block" visibility="public" complexity="1" crap="1" count="3"/>
      <line num="38" type="stmt" count="3"/>
      <metrics loc="41" ncloc="41" classes="1" methods="3" coveredmethods="3" conditionals="0" coveredconditionals="0" statements="4" coveredstatements="4" elements="7" coveredelements="7"/>
    </file>
    <file name="/Users/lucifer/Desktop/laravel-packages/laravel-page-builder/src/Models/Blockable.php">
      <class name="Thinhnx\LaravelPageBuilder\Models\Blockable" namespace="global">
        <metrics complexity="4" methods="4" coveredmethods="4" conditionals="0" coveredconditionals="0" statements="5" coveredstatements="5" elements="9" coveredelements="9"/>
      </class>
      <line num="38" type="method" name="__construct" visibility="public" complexity="1" crap="1" count="5"/>
      <line num="40" type="stmt" count="5"/>
      <line num="41" type="stmt" count="5"/>
      <line num="44" type="method" name="newFactory" visibility="public" complexity="1" crap="1" count="3"/>
      <line num="46" type="stmt" count="3"/>
      <line num="49" type="method" name="block" visibility="public" complexity="1" crap="1" count="5"/>
      <line num="51" type="stmt" count="5"/>
      <line num="54" type="method" name="blockable" visibility="public" complexity="1" crap="1" count="1"/>
      <line num="56" type="stmt" count="1"/>
      <metrics loc="59" ncloc="59" classes="1" methods="4" coveredmethods="4" conditionals="0" coveredconditionals="0" statements="5" coveredstatements="5" elements="9" coveredelements="9"/>
    </file>
    <file name="/Users/lucifer/Desktop/laravel-packages/laravel-page-builder/src/Models/Traits/HasBlocks.php">
      <class name="Thinhnx\LaravelPageBuilder\Models\Traits\HasBlocks" namespace="global">
        <metrics complexity="19" methods="14" coveredmethods="11" conditionals="0" coveredconditionals="0" statements="85" coveredstatements="81" elements="99" coveredelements="92"/>
      </class>
      <line num="18" type="method" name="bootHasBlocks" visibility="public" complexity="3" crap="3.33" count="3"/>
      <line num="20" type="stmt" count="3"/>
      <line num="21" type="stmt" count="1"/>
      <line num="22" type="stmt" count="0"/>
      <line num="23" type="stmt" count="0"/>
      <line num="27" type="stmt" count="1"/>
      <line num="28" type="stmt" count="3"/>
      <line num="31" type="method" name="blockItems" visibility="public" complexity="1" crap="1" count="2"/>
      <line num="33" type="stmt" count="2"/>
      <line num="36" type="method" name="syncBlockItems" visibility="public" complexity="2" crap="2" count="2"/>
      <line num="38" type="stmt" count="2"/>
      <line num="39" type="stmt" count="2"/>
      <line num="40" type="stmt" count="2"/>
      <line num="42" type="stmt" count="2"/>
      <line num="43" type="stmt" count="2"/>
      <line num="44" type="stmt" count="2"/>
      <line num="45" type="stmt" count="2"/>
      <line num="46" type="stmt" count="2"/>
      <line num="47" type="stmt" count="2"/>
      <line num="48" type="stmt" count="2"/>
      <line num="49" type="stmt" count="2"/>
      <line num="50" type="stmt" count="2"/>
      <line num="51" type="stmt" count="2"/>
      <line num="52" type="stmt" count="2"/>
      <line num="55" type="stmt" count="2"/>
      <line num="58" type="method" name="whereBlocksByLocale" visibility="protected" complexity="1" crap="1" count="2"/>
      <line num="60" type="stmt" count="2"/>
      <line num="62" type="stmt" count="2"/>
      <line num="65" type="method" name="blocks" visibility="public" complexity="1" crap="1" count="2"/>
      <line num="67" type="stmt" count="2"/>
      <line num="68" type="stmt" count="2"/>
      <line num="69" type="stmt" count="2"/>
      <line num="70" type="stmt" count="2"/>
      <line num="71" type="stmt" count="2"/>
      <line num="72" type="stmt" count="2"/>
      <line num="73" type="stmt" count="2"/>
      <line num="74" type="stmt" count="2"/>
      <line num="75" type="stmt" count="2"/>
      <line num="76" type="stmt" count="2"/>
      <line num="77" type="stmt" count="2"/>
      <line num="78" type="stmt" count="2"/>
      <line num="81" type="method" name="transformBlockItems" visibility="protected" complexity="3" crap="3" count="2"/>
      <line num="83" type="stmt" count="2"/>
      <line num="85" type="stmt" count="2"/>
      <line num="86" type="stmt" count="2"/>
      <line num="87" type="stmt" count="2"/>
      <line num="88" type="stmt" count="2"/>
      <line num="89" type="stmt" count="2"/>
      <line num="91" type="stmt" count="2"/>
      <line num="92" type="stmt" count="2"/>
      <line num="97" type="method" name="setFormatItem" visibility="public" complexity="1" crap="2" count="0"/>
      <line num="99" type="stmt" count="0"/>
      <line num="101" type="method" name="getFormatItem" visibility="public" complexity="1" crap="2" count="0"/>
      <line num="103" type="stmt" count="0"/>
      <line num="106" type="method" name="afterBlockItemsSynced" visibility="protected" complexity="1" crap="1" count="2"/>
      <line num="108" type="stmt" count="2"/>
      <line num="110" type="method" name="addBlockItem" visibility="public" complexity="1" crap="1" count="2"/>
      <line num="118" type="stmt" count="2"/>
      <line num="119" type="stmt" count="2"/>
      <line num="120" type="stmt" count="2"/>
      <line num="121" type="stmt" count="2"/>
      <line num="123" type="stmt" count="2"/>
      <line num="124" type="stmt" count="2"/>
      <line num="125" type="stmt" count="2"/>
      <line num="126" type="stmt" count="2"/>
      <line num="127" type="stmt" count="2"/>
      <line num="128" type="stmt" count="2"/>
      <line num="129" type="stmt" count="2"/>
      <line num="130" type="stmt" count="2"/>
      <line num="131" type="stmt" count="2"/>
      <line num="132" type="stmt" count="2"/>
      <line num="133" type="stmt" count="2"/>
      <line num="134" type="stmt" count="2"/>
      <line num="136" type="stmt" count="2"/>
      <line num="138" type="stmt" count="2"/>
      <line num="140" type="stmt" count="2"/>
      <line num="143" type="method" name="afterBlockItemAdded" visibility="protected" complexity="1" crap="1" count="2"/>
      <line num="151" type="stmt" count="2"/>
      <line num="153" type="method" name="removeBlockItem" visibility="public" complexity="1" crap="1" count="1"/>
      <line num="155" type="stmt" count="1"/>
      <line num="156" type="stmt" count="1"/>
      <line num="157" type="stmt" count="1"/>
      <line num="159" type="stmt" count="1"/>
      <line num="161" type="stmt" count="1"/>
      <line num="164" type="method" name="afterBlockItemRemoved" visibility="protected" complexity="1" crap="1" count="1"/>
      <line num="166" type="stmt" count="1"/>
      <line num="168" type="method" name="getBlockItemsByLocale" visibility="public" complexity="1" crap="1" count="2"/>
      <line num="170" type="stmt" count="2"/>
      <line num="172" type="stmt" count="2"/>
      <line num="173" type="stmt" count="2"/>
      <line num="174" type="stmt" count="2"/>
      <line num="175" type="stmt" count="2"/>
      <line num="176" type="stmt" count="2"/>
      <line num="177" type="stmt" count="2"/>
      <line num="178" type="stmt" count="2"/>
      <line num="179" type="stmt" count="2"/>
      <line num="180" type="stmt" count="2"/>
      <line num="181" type="stmt" count="2"/>
      <line num="182" type="stmt" count="2"/>
      <metrics loc="185" ncloc="185" classes="1" methods="14" coveredmethods="11" conditionals="0" coveredconditionals="0" statements="85" coveredstatements="81" elements="99" coveredelements="92"/>
    </file>
    <file name="/Users/lucifer/Desktop/laravel-packages/laravel-page-builder/src/PageBuilder.php">
      <class name="Thinhnx\LaravelPageBuilder\PageBuilder" namespace="global">
        <metrics complexity="3" methods="2" coveredmethods="2" conditionals="0" coveredconditionals="0" statements="3" coveredstatements="3" elements="5" coveredelements="5"/>
      </class>
      <line num="15" type="method" name="__construct" visibility="public" complexity="1" crap="1" count="1"/>
      <line num="17" type="stmt" count="1"/>
      <line num="20" type="method" name="render" visibility="public" complexity="2" crap="2" count="1"/>
      <line num="22" type="stmt" count="1"/>
      <line num="24" type="stmt" count="1"/>
      <metrics loc="27" ncloc="27" classes="1" methods="2" coveredmethods="2" conditionals="0" coveredconditionals="0" statements="3" coveredstatements="3" elements="5" coveredelements="5"/>
    </file>
    <file name="/Users/lucifer/Desktop/laravel-packages/laravel-page-builder/src/Transformers/BlockTransformer.php">
      <class name="Thinhnx\LaravelPageBuilder\Transformers\BlockTransformer" namespace="global">
        <metrics complexity="2" methods="2" coveredmethods="2" conditionals="0" coveredconditionals="0" statements="9" coveredstatements="9" elements="11" coveredelements="11"/>
      </class>
      <line num="15" type="method" name="transform" visibility="public" complexity="1" crap="1" count="2"/>
      <line num="17" type="stmt" count="2"/>
      <line num="18" type="stmt" count="2"/>
      <line num="19" type="stmt" count="2"/>
      <line num="20" type="stmt" count="2"/>
      <line num="21" type="stmt" count="2"/>
      <line num="22" type="stmt" count="2"/>
      <line num="23" type="stmt" count="2"/>
      <line num="24" type="stmt" count="2"/>
      <line num="27" type="method" name="includeTranslations" visibility="public" complexity="1" crap="1" count="1"/>
      <line num="29" type="stmt" count="1"/>
      <metrics loc="32" ncloc="32" classes="1" methods="2" coveredmethods="2" conditionals="0" coveredconditionals="0" statements="9" coveredstatements="9" elements="11" coveredelements="11"/>
    </file>
    <file name="/Users/lucifer/Desktop/laravel-packages/laravel-page-builder/src/Transformers/BlockTranslationTransformer.php">
      <class name="Thinhnx\LaravelPageBuilder\Transformers\BlockTranslationTransformer" namespace="global">
        <metrics complexity="1" methods="1" coveredmethods="1" conditionals="0" coveredconditionals="0" statements="9" coveredstatements="9" elements="10" coveredelements="10"/>
      </class>
      <line num="12" type="method" name="transform" visibility="public" complexity="1" crap="1" count="2"/>
      <line num="14" type="stmt" count="2"/>
      <line num="15" type="stmt" count="2"/>
      <line num="16" type="stmt" count="2"/>
      <line num="17" type="stmt" count="2"/>
      <line num="18" type="stmt" count="2"/>
      <line num="19" type="stmt" count="2"/>
      <line num="20" type="stmt" count="2"/>
      <line num="21" type="stmt" count="2"/>
      <line num="22" type="stmt" count="2"/>
      <metrics loc="25" ncloc="25" classes="1" methods="1" coveredmethods="1" conditionals="0" coveredconditionals="0" statements="9" coveredstatements="9" elements="10" coveredelements="10"/>
    </file>
    <file name="/Users/lucifer/Desktop/laravel-packages/laravel-page-builder/src/Transformers/BlockableTransformer.php">
      <class name="Thinhnx\LaravelPageBuilder\Transformers\BlockableTransformer" namespace="global">
        <metrics complexity="2" methods="2" coveredmethods="2" conditionals="0" coveredconditionals="0" statements="14" coveredstatements="14" elements="16" coveredelements="16"/>
      </class>
      <line num="17" type="method" name="transform" visibility="public" complexity="1" crap="1" count="2"/>
      <line num="19" type="stmt" count="2"/>
      <line num="20" type="stmt" count="2"/>
      <line num="21" type="stmt" count="2"/>
      <line num="22" type="stmt" count="2"/>
      <line num="23" type="stmt" count="2"/>
      <line num="24" type="stmt" count="2"/>
      <line num="25" type="stmt" count="2"/>
      <line num="26" type="stmt" count="2"/>
      <line num="27" type="stmt" count="2"/>
      <line num="28" type="stmt" count="2"/>
      <line num="29" type="stmt" count="2"/>
      <line num="30" type="stmt" count="2"/>
      <line num="31" type="stmt" count="2"/>
      <line num="34" type="method" name="includeBlock" visibility="public" complexity="1" crap="1" count="1"/>
      <line num="36" type="stmt" count="1"/>
      <metrics loc="39" ncloc="39" classes="1" methods="2" coveredmethods="2" conditionals="0" coveredconditionals="0" statements="14" coveredstatements="14" elements="16" coveredelements="16"/>
    </file>
    <metrics files="15" loc="1118" ncloc="989" classes="15" methods="62" coveredmethods="40" conditionals="0" coveredconditionals="0" statements="357" coveredstatements="311" elements="419" coveredelements="351"/>
  </project>
</coverage>
