<?xml version="1.0" encoding="UTF-8"?>
<coverage generated="1745463696">
  <project timestamp="1745463696">
    <file name="/Users/lucifer/Desktop/laravel-packages/laravel-page-builder/src/Console/CreateBlockCommand.php">
      <class name="Thinhnx\LaravelPageBuilder\Console\CreateBlockCommand" namespace="global">
        <metrics complexity="4" methods="2" coveredmethods="2" conditionals="0" coveredconditionals="0" statements="18" coveredstatements="18" elements="20" coveredelements="20"/>
      </class>
      <line num="23" type="method" name="handle" visibility="public" complexity="3" crap="3" count="2"/>
      <line num="25" type="stmt" count="2"/>
      <line num="27" type="stmt" count="2"/>
      <line num="28" type="stmt" count="2"/>
      <line num="29" type="stmt" count="2"/>
      <line num="30" type="stmt" count="2"/>
      <line num="33" type="stmt" count="2"/>
      <line num="35" type="stmt" count="2"/>
      <line num="36" type="stmt" count="1"/>
      <line num="37" type="stmt" count="1"/>
      <line num="40" type="stmt" count="2"/>
      <line num="42" type="stmt" count="2"/>
      <line num="43" type="stmt" count="2"/>
      <line num="44" type="stmt" count="2"/>
      <line num="45" type="stmt" count="2"/>
      <line num="46" type="stmt" count="2"/>
      <line num="47" type="stmt" count="2"/>
      <line num="48" type="stmt" count="2"/>
      <line num="56" type="method" name="isTypeExisted" visibility="private" complexity="1" crap="1" count="2"/>
      <line num="58" type="stmt" count="2"/>
      <metrics loc="61" ncloc="52" classes="1" methods="2" coveredmethods="2" conditionals="0" coveredconditionals="0" statements="18" coveredstatements="18" elements="20" coveredelements="20"/>
    </file>
    <file name="/Users/lucifer/Desktop/laravel-packages/laravel-page-builder/src/Console/InstallPageBuilderCommand.php">
      <class name="Thinhnx\LaravelPageBuilder\Console\InstallPageBuilderCommand" namespace="global">
        <metrics complexity="20" methods="7" coveredmethods="5" conditionals="0" coveredconditionals="0" statements="97" coveredstatements="95" elements="104" coveredelements="100"/>
      </class>
      <line num="22" type="method" name="handle" visibility="public" complexity="2" crap="2" count="24"/>
      <line num="24" type="stmt" count="24"/>
      <line num="26" type="stmt" count="24"/>
      <line num="27" type="stmt" count="24"/>
      <line num="30" type="stmt" count="24"/>
      <line num="36" type="method" name="getStepData" visibility="private" complexity="1" crap="1" count="24"/>
      <line num="38" type="stmt" count="24"/>
      <line num="39" type="stmt" count="24"/>
      <line num="40" type="stmt" count="24"/>
      <line num="41" type="stmt" count="24"/>
      <line num="42" type="stmt" count="24"/>
      <line num="43" type="stmt" count="24"/>
      <line num="44" type="stmt" count="24"/>
      <line num="45" type="stmt" count="24"/>
      <line num="46" type="stmt" count="24"/>
      <line num="47" type="stmt" count="24"/>
      <line num="48" type="stmt" count="24"/>
      <line num="49" type="stmt" count="24"/>
      <line num="50" type="stmt" count="24"/>
      <line num="51" type="stmt" count="24"/>
      <line num="52" type="stmt" count="24"/>
      <line num="53" type="stmt" count="24"/>
      <line num="54" type="stmt" count="24"/>
      <line num="55" type="stmt" count="24"/>
      <line num="56" type="stmt" count="24"/>
      <line num="57" type="stmt" count="24"/>
      <line num="58" type="stmt" count="24"/>
      <line num="59" type="stmt" count="24"/>
      <line num="60" type="stmt" count="24"/>
      <line num="61" type="stmt" count="24"/>
      <line num="62" type="stmt" count="24"/>
      <line num="63" type="stmt" count="24"/>
      <line num="64" type="stmt" count="24"/>
      <line num="65" type="stmt" count="24"/>
      <line num="66" type="stmt" count="24"/>
      <line num="67" type="stmt" count="24"/>
      <line num="68" type="stmt" count="24"/>
      <line num="69" type="stmt" count="24"/>
      <line num="70" type="stmt" count="24"/>
      <line num="71" type="stmt" count="24"/>
      <line num="72" type="stmt" count="24"/>
      <line num="73" type="stmt" count="24"/>
      <line num="74" type="stmt" count="24"/>
      <line num="75" type="stmt" count="24"/>
      <line num="76" type="stmt" count="24"/>
      <line num="77" type="stmt" count="24"/>
      <line num="78" type="stmt" count="24"/>
      <line num="79" type="stmt" count="24"/>
      <line num="80" type="stmt" count="24"/>
      <line num="81" type="stmt" count="24"/>
      <line num="82" type="stmt" count="24"/>
      <line num="93" type="method" name="runStep" visibility="private" complexity="8" crap="8" count="24"/>
      <line num="95" type="stmt" count="24"/>
      <line num="97" type="stmt" count="24"/>
      <line num="98" type="stmt" count="24"/>
      <line num="99" type="stmt" count="24"/>
      <line num="100" type="stmt" count="24"/>
      <line num="101" type="stmt" count="24"/>
      <line num="103" type="stmt" count="24"/>
      <line num="104" type="stmt" count="24"/>
      <line num="105" type="stmt" count="24"/>
      <line num="107" type="stmt" count="24"/>
      <line num="108" type="stmt" count="23"/>
      <line num="109" type="stmt" count="17"/>
      <line num="113" type="stmt" count="24"/>
      <line num="114" type="stmt" count="23"/>
      <line num="115" type="stmt" count="17"/>
      <line num="119" type="stmt" count="24"/>
      <line num="122" type="stmt" count="6"/>
      <line num="123" type="stmt" count="5"/>
      <line num="124" type="stmt" count="5"/>
      <line num="125" type="stmt" count="0"/>
      <line num="127" type="stmt" count="5"/>
      <line num="130" type="stmt" count="1"/>
      <line num="138" type="method" name="fileExist" visibility="private" complexity="2" crap="2" count="24"/>
      <line num="140" type="stmt" count="24"/>
      <line num="141" type="stmt" count="24"/>
      <line num="143" type="stmt" count="24"/>
      <line num="144" type="stmt" count="24"/>
      <line num="145" type="stmt" count="24"/>
      <line num="146" type="stmt" count="24"/>
      <line num="147" type="stmt" count="1"/>
      <line num="148" type="stmt" count="24"/>
      <line num="150" type="stmt" count="24"/>
      <line num="153" type="stmt" count="24"/>
      <line num="161" type="method" name="filesExist" visibility="private" complexity="4" crap="4.07" count="24"/>
      <line num="163" type="stmt" count="24"/>
      <line num="164" type="stmt" count="24"/>
      <line num="165" type="stmt" count="24"/>
      <line num="166" type="stmt" count="2"/>
      <line num="170" type="stmt" count="24"/>
      <line num="173" type="stmt" count="0"/>
      <line num="182" type="method" name="publish" visibility="private" complexity="1" crap="1" count="24"/>
      <line num="184" type="stmt" count="24"/>
      <line num="185" type="stmt" count="24"/>
      <line num="186" type="stmt" count="24"/>
      <line num="187" type="stmt" count="24"/>
      <line num="188" type="stmt" count="24"/>
      <line num="190" type="stmt" count="24"/>
      <line num="198" type="method" name="shouldOverwrite" visibility="private" complexity="2" crap="2" count="5"/>
      <line num="200" type="stmt" count="5"/>
      <line num="201" type="stmt" count="1"/>
      <line num="202" type="stmt" count="4"/>
      <line num="204" type="stmt" count="5"/>
      <metrics loc="207" ncloc="172" classes="1" methods="7" coveredmethods="5" conditionals="0" coveredconditionals="0" statements="97" coveredstatements="95" elements="104" coveredelements="100"/>
    </file>
    <file name="/Users/lucifer/Desktop/laravel-packages/laravel-page-builder/src/Facades/PageBuilder.php">
      <class name="Thinhnx\LaravelPageBuilder\Facades\PageBuilder" namespace="global">
        <metrics complexity="1" methods="1" coveredmethods="1" conditionals="0" coveredconditionals="0" statements="1" coveredstatements="1" elements="2" coveredelements="2"/>
      </class>
      <line num="21" type="method" name="getFacadeAccessor" visibility="protected" complexity="1" crap="1" count="3"/>
      <line num="23" type="stmt" count="3"/>
      <metrics loc="26" ncloc="18" classes="1" methods="1" coveredmethods="1" conditionals="0" coveredconditionals="0" statements="1" coveredstatements="1" elements="2" coveredelements="2"/>
    </file>
    <file name="/Users/lucifer/Desktop/laravel-packages/laravel-page-builder/src/Http/Controllers/Controller.php">
      <class name="Thinhnx\LaravelPageBuilder\Http\Controllers\Controller" namespace="global">
        <metrics complexity="0" methods="0" coveredmethods="0" conditionals="0" coveredconditionals="0" statements="0" coveredstatements="0" elements="0" coveredelements="0"/>
      </class>
      <metrics loc="16" ncloc="16" classes="0" methods="0" coveredmethods="0" conditionals="0" coveredconditionals="0" statements="0" coveredstatements="0" elements="0" coveredelements="0"/>
    </file>
    <file name="/Users/lucifer/Desktop/laravel-packages/laravel-page-builder/src/Http/Controllers/PageBuilderController.php">
      <class name="Thinhnx\LaravelPageBuilder\Http\Controllers\PageBuilderController" namespace="global">
        <metrics complexity="5" methods="2" coveredmethods="0" conditionals="0" coveredconditionals="0" statements="27" coveredstatements="17" elements="29" coveredelements="17"/>
      </class>
      <line num="20" type="method" name="renderBlock" visibility="public" complexity="3" crap="3.85" count="4"/>
      <line num="22" type="stmt" count="4"/>
      <line num="24" type="stmt" count="3"/>
      <line num="25" type="stmt" count="3"/>
      <line num="26" type="stmt" count="3"/>
      <line num="28" type="stmt" count="3"/>
      <line num="29" type="stmt" count="0"/>
      <line num="30" type="stmt" count="0"/>
      <line num="31" type="stmt" count="0"/>
      <line num="32" type="stmt" count="0"/>
      <line num="33" type="stmt" count="0"/>
      <line num="36" type="stmt" count="3"/>
      <line num="45" type="method" name="preview" visibility="public" complexity="2" crap="2.12" count="4"/>
      <line num="47" type="stmt" count="4"/>
      <line num="48" type="stmt" count="4"/>
      <line num="49" type="stmt" count="4"/>
      <line num="50" type="stmt" count="4"/>
      <line num="51" type="stmt" count="4"/>
      <line num="52" type="stmt" count="4"/>
      <line num="54" type="stmt" count="3"/>
      <line num="55" type="stmt" count="3"/>
      <line num="56" type="stmt" count="3"/>
      <line num="58" type="stmt" count="3"/>
      <line num="59" type="stmt" count="0"/>
      <line num="60" type="stmt" count="0"/>
      <line num="61" type="stmt" count="0"/>
      <line num="62" type="stmt" count="0"/>
      <line num="63" type="stmt" count="0"/>
      <line num="66" type="stmt" count="3"/>
      <metrics loc="69" ncloc="57" classes="1" methods="2" coveredmethods="0" conditionals="0" coveredconditionals="0" statements="27" coveredstatements="17" elements="29" coveredelements="17"/>
    </file>
    <file name="/Users/lucifer/Desktop/laravel-packages/laravel-page-builder/src/LaravelPageBuilderProvider.php">
      <class name="Thinhnx\LaravelPageBuilder\LaravelPageBuilderProvider" namespace="global">
        <metrics complexity="5" methods="4" coveredmethods="4" conditionals="0" coveredconditionals="0" statements="43" coveredstatements="43" elements="47" coveredelements="47"/>
      </class>
      <line num="17" type="method" name="register" visibility="public" complexity="1" crap="1" count="24"/>
      <line num="19" type="stmt" count="24"/>
      <line num="21" type="stmt" count="24"/>
      <line num="27" type="method" name="boot" visibility="public" complexity="2" crap="2" count="24"/>
      <line num="29" type="stmt" count="24"/>
      <line num="30" type="stmt" count="24"/>
      <line num="32" type="stmt" count="24"/>
      <line num="33" type="stmt" count="24"/>
      <line num="34" type="stmt" count="24"/>
      <line num="35" type="stmt" count="24"/>
      <line num="36" type="stmt" count="24"/>
      <line num="39" type="stmt" count="24"/>
      <line num="40" type="stmt" count="24"/>
      <line num="41" type="stmt" count="24"/>
      <line num="42" type="stmt" count="24"/>
      <line num="43" type="stmt" count="24"/>
      <line num="44" type="stmt" count="24"/>
      <line num="45" type="stmt" count="24"/>
      <line num="46" type="stmt" count="24"/>
      <line num="47" type="stmt" count="24"/>
      <line num="48" type="stmt" count="24"/>
      <line num="49" type="stmt" count="24"/>
      <line num="52" type="stmt" count="24"/>
      <line num="53" type="stmt" count="24"/>
      <line num="54" type="stmt" count="24"/>
      <line num="55" type="stmt" count="24"/>
      <line num="56" type="stmt" count="24"/>
      <line num="59" type="stmt" count="24"/>
      <line num="60" type="stmt" count="24"/>
      <line num="61" type="stmt" count="24"/>
      <line num="64" type="stmt" count="24"/>
      <line num="65" type="stmt" count="24"/>
      <line num="66" type="stmt" count="24"/>
      <line num="69" type="stmt" count="24"/>
      <line num="70" type="stmt" count="24"/>
      <line num="71" type="stmt" count="24"/>
      <line num="74" type="stmt" count="24"/>
      <line num="81" type="method" name="registerRoutes" visibility="protected" complexity="1" crap="1" count="24"/>
      <line num="83" type="stmt" count="24"/>
      <line num="84" type="stmt" count="24"/>
      <line num="85" type="stmt" count="24"/>
      <line num="91" type="method" name="routeConfiguration" visibility="protected" complexity="1" crap="1" count="24"/>
      <line num="93" type="stmt" count="24"/>
      <line num="94" type="stmt" count="24"/>
      <line num="95" type="stmt" count="24"/>
      <line num="96" type="stmt" count="24"/>
      <line num="97" type="stmt" count="24"/>
      <metrics loc="100" ncloc="82" classes="1" methods="4" coveredmethods="4" conditionals="0" coveredconditionals="0" statements="43" coveredstatements="43" elements="47" coveredelements="47"/>
    </file>
    <file name="/Users/lucifer/Desktop/laravel-packages/laravel-page-builder/src/Models/Block.php">
      <class name="Thinhnx\LaravelPageBuilder\Models\Block" namespace="global">
        <metrics complexity="2" methods="2" coveredmethods="2" conditionals="0" coveredconditionals="0" statements="3" coveredstatements="3" elements="5" coveredelements="5"/>
      </class>
      <line num="25" type="method" name="__construct" visibility="public" complexity="1" crap="1" count="11"/>
      <line num="27" type="stmt" count="11"/>
      <line num="28" type="stmt" count="11"/>
      <line num="34" type="method" name="newFactory" visibility="protected" complexity="1" crap="1" count="3"/>
      <line num="36" type="stmt" count="3"/>
      <metrics loc="39" ncloc="36" classes="1" methods="2" coveredmethods="2" conditionals="0" coveredconditionals="0" statements="3" coveredstatements="3" elements="5" coveredelements="5"/>
    </file>
    <file name="/Users/lucifer/Desktop/laravel-packages/laravel-page-builder/src/Models/BlockTranslation.php">
      <class name="Thinhnx\LaravelPageBuilder\Models\BlockTranslation" namespace="global">
        <metrics complexity="3" methods="3" coveredmethods="3" conditionals="0" coveredconditionals="0" statements="4" coveredstatements="4" elements="7" coveredelements="7"/>
      </class>
      <line num="25" type="method" name="__construct" visibility="public" complexity="1" crap="1" count="9"/>
      <line num="27" type="stmt" count="9"/>
      <line num="28" type="stmt" count="9"/>
      <line num="34" type="method" name="newFactory" visibility="public" complexity="1" crap="1" count="1"/>
      <line num="36" type="stmt" count="1"/>
      <line num="42" type="method" name="block" visibility="public" complexity="1" crap="1" count="1"/>
      <line num="44" type="stmt" count="1"/>
      <metrics loc="47" ncloc="41" classes="1" methods="3" coveredmethods="3" conditionals="0" coveredconditionals="0" statements="4" coveredstatements="4" elements="7" coveredelements="7"/>
    </file>
    <file name="/Users/lucifer/Desktop/laravel-packages/laravel-page-builder/src/Models/Blockable.php">
      <class name="Thinhnx\LaravelPageBuilder\Models\Blockable" namespace="global">
        <metrics complexity="4" methods="4" coveredmethods="4" conditionals="0" coveredconditionals="0" statements="5" coveredstatements="5" elements="9" coveredelements="9"/>
      </class>
      <line num="38" type="method" name="__construct" visibility="public" complexity="1" crap="1" count="3"/>
      <line num="40" type="stmt" count="3"/>
      <line num="41" type="stmt" count="3"/>
      <line num="47" type="method" name="newFactory" visibility="public" complexity="1" crap="1" count="1"/>
      <line num="49" type="stmt" count="1"/>
      <line num="52" type="method" name="block" visibility="public" complexity="1" crap="1" count="1"/>
      <line num="54" type="stmt" count="1"/>
      <line num="57" type="method" name="blockable" visibility="public" complexity="1" crap="1" count="1"/>
      <line num="59" type="stmt" count="1"/>
      <metrics loc="62" ncloc="59" classes="1" methods="4" coveredmethods="4" conditionals="0" coveredconditionals="0" statements="5" coveredstatements="5" elements="9" coveredelements="9"/>
    </file>
    <file name="/Users/lucifer/Desktop/laravel-packages/laravel-page-builder/src/Models/Traits/HasBlocks.php">
      <class name="Thinhnx\LaravelPageBuilder\Models\Traits\HasBlocks" namespace="global">
        <metrics complexity="22" methods="14" coveredmethods="10" conditionals="0" coveredconditionals="0" statements="91" coveredstatements="85" elements="105" coveredelements="95"/>
      </class>
      <line num="20" type="method" name="bootHasBlocks" visibility="public" complexity="3" crap="3.33" count="3"/>
      <line num="22" type="stmt" count="3"/>
      <line num="23" type="stmt" count="1"/>
      <line num="24" type="stmt" count="0"/>
      <line num="25" type="stmt" count="0"/>
      <line num="29" type="stmt" count="1"/>
      <line num="30" type="stmt" count="3"/>
      <line num="36" type="method" name="blockItems" visibility="public" complexity="1" crap="1" count="2"/>
      <line num="38" type="stmt" count="2"/>
      <line num="47" type="method" name="syncBlockItems" visibility="public" complexity="2" crap="2" count="2"/>
      <line num="49" type="stmt" count="2"/>
      <line num="50" type="stmt" count="2"/>
      <line num="51" type="stmt" count="2"/>
      <line num="53" type="stmt" count="2"/>
      <line num="54" type="stmt" count="2"/>
      <line num="55" type="stmt" count="2"/>
      <line num="56" type="stmt" count="2"/>
      <line num="57" type="stmt" count="2"/>
      <line num="58" type="stmt" count="2"/>
      <line num="59" type="stmt" count="2"/>
      <line num="60" type="stmt" count="2"/>
      <line num="61" type="stmt" count="2"/>
      <line num="62" type="stmt" count="2"/>
      <line num="63" type="stmt" count="2"/>
      <line num="66" type="stmt" count="2"/>
      <line num="74" type="method" name="whereBlocksByLocale" visibility="protected" complexity="1" crap="1" count="2"/>
      <line num="76" type="stmt" count="2"/>
      <line num="78" type="stmt" count="2"/>
      <line num="84" type="method" name="blocks" visibility="public" complexity="1" crap="1" count="2"/>
      <line num="86" type="stmt" count="2"/>
      <line num="87" type="stmt" count="2"/>
      <line num="88" type="stmt" count="2"/>
      <line num="89" type="stmt" count="2"/>
      <line num="90" type="stmt" count="2"/>
      <line num="91" type="stmt" count="2"/>
      <line num="92" type="stmt" count="2"/>
      <line num="93" type="stmt" count="2"/>
      <line num="94" type="stmt" count="2"/>
      <line num="95" type="stmt" count="2"/>
      <line num="96" type="stmt" count="2"/>
      <line num="97" type="stmt" count="2"/>
      <line num="106" type="method" name="transformBlockItems" visibility="protected" complexity="3" crap="3" count="2"/>
      <line num="108" type="stmt" count="2"/>
      <line num="110" type="stmt" count="2"/>
      <line num="111" type="stmt" count="2"/>
      <line num="112" type="stmt" count="2"/>
      <line num="113" type="stmt" count="2"/>
      <line num="114" type="stmt" count="2"/>
      <line num="116" type="stmt" count="2"/>
      <line num="117" type="stmt" count="2"/>
      <line num="128" type="method" name="setFormatItem" visibility="protected" complexity="1" crap="2" count="0"/>
      <line num="130" type="stmt" count="0"/>
      <line num="138" type="method" name="getFormatItem" visibility="protected" complexity="1" crap="2" count="0"/>
      <line num="140" type="stmt" count="0"/>
      <line num="149" type="method" name="afterBlockItemsSynced" visibility="protected" complexity="1" crap="1" count="2"/>
      <line num="151" type="stmt" count="2"/>
      <line num="163" type="method" name="addBlockItem" visibility="public" complexity="1" crap="1" count="2"/>
      <line num="171" type="stmt" count="2"/>
      <line num="172" type="stmt" count="2"/>
      <line num="173" type="stmt" count="2"/>
      <line num="174" type="stmt" count="2"/>
      <line num="176" type="stmt" count="2"/>
      <line num="177" type="stmt" count="2"/>
      <line num="178" type="stmt" count="2"/>
      <line num="179" type="stmt" count="2"/>
      <line num="180" type="stmt" count="2"/>
      <line num="181" type="stmt" count="2"/>
      <line num="182" type="stmt" count="2"/>
      <line num="183" type="stmt" count="2"/>
      <line num="184" type="stmt" count="2"/>
      <line num="185" type="stmt" count="2"/>
      <line num="186" type="stmt" count="2"/>
      <line num="187" type="stmt" count="2"/>
      <line num="189" type="stmt" count="2"/>
      <line num="191" type="stmt" count="2"/>
      <line num="193" type="stmt" count="2"/>
      <line num="206" type="method" name="afterBlockItemAdded" visibility="protected" complexity="1" crap="1" count="2"/>
      <line num="214" type="stmt" count="2"/>
      <line num="222" type="method" name="removeBlockItem" visibility="public" complexity="1" crap="1" count="1"/>
      <line num="224" type="stmt" count="1"/>
      <line num="225" type="stmt" count="1"/>
      <line num="226" type="stmt" count="1"/>
      <line num="228" type="stmt" count="1"/>
      <line num="230" type="stmt" count="1"/>
      <line num="239" type="method" name="afterBlockItemRemoved" visibility="protected" complexity="1" crap="1" count="1"/>
      <line num="241" type="stmt" count="1"/>
      <line num="248" type="method" name="getBlockItems" visibility="public" complexity="4" crap="4.02" count="2"/>
      <line num="250" type="stmt" count="2"/>
      <line num="252" type="stmt" count="2"/>
      <line num="254" type="stmt" count="2"/>
      <line num="256" type="stmt" count="2"/>
      <line num="257" type="stmt" count="2"/>
      <line num="258" type="stmt" count="0"/>
      <line num="260" type="stmt" count="2"/>
      <line num="264" type="stmt" count="2"/>
      <line num="265" type="stmt" count="2"/>
      <line num="266" type="stmt" count="2"/>
      <line num="267" type="stmt" count="2"/>
      <line num="268" type="stmt" count="2"/>
      <line num="269" type="stmt" count="2"/>
      <line num="270" type="stmt" count="2"/>
      <line num="271" type="stmt" count="2"/>
      <line num="273" type="stmt" count="2"/>
      <line num="274" type="stmt" count="2"/>
      <line num="277" type="stmt" count="0"/>
      <metrics loc="280" ncloc="199" classes="1" methods="14" coveredmethods="10" conditionals="0" coveredconditionals="0" statements="91" coveredstatements="85" elements="105" coveredelements="95"/>
    </file>
    <file name="/Users/lucifer/Desktop/laravel-packages/laravel-page-builder/src/PageBuilder.php">
      <class name="Thinhnx\LaravelPageBuilder\PageBuilder" namespace="global">
        <metrics complexity="17" methods="6" coveredmethods="2" conditionals="0" coveredconditionals="0" statements="46" coveredstatements="23" elements="52" coveredelements="25"/>
      </class>
      <line num="18" type="method" name="__construct" visibility="public" complexity="1" crap="1" count="3"/>
      <line num="20" type="stmt" count="3"/>
      <line num="29" type="method" name="render" visibility="public" complexity="1" crap="1" count="1"/>
      <line num="31" type="stmt" count="1"/>
      <line num="32" type="stmt" count="1"/>
      <line num="33" type="stmt" count="1"/>
      <line num="34" type="stmt" count="1"/>
      <line num="36" type="stmt" count="1"/>
      <line num="37" type="stmt" count="1"/>
      <line num="38" type="stmt" count="1"/>
      <line num="39" type="stmt" count="1"/>
      <line num="40" type="stmt" count="1"/>
      <line num="41" type="stmt" count="1"/>
      <line num="49" type="method" name="getBlocks" visibility="public" complexity="2" crap="2.03" count="3"/>
      <line num="51" type="stmt" count="3"/>
      <line num="52" type="stmt" count="3"/>
      <line num="53" type="stmt" count="3"/>
      <line num="54" type="stmt" count="3"/>
      <line num="57" type="stmt" count="0"/>
      <line num="66" type="method" name="getBlockItems" visibility="public" complexity="7" crap="8.81" count="1"/>
      <line num="68" type="stmt" count="1"/>
      <line num="70" type="stmt" count="1"/>
      <line num="71" type="stmt" count="1"/>
      <line num="72" type="stmt" count="1"/>
      <line num="73" type="stmt" count="1"/>
      <line num="76" type="stmt" count="1"/>
      <line num="79" type="stmt" count="0"/>
      <line num="80" type="stmt" count="0"/>
      <line num="82" type="stmt" count="0"/>
      <line num="90" type="method" name="transformLocales" visibility="private" complexity="4" crap="7.46" count="1"/>
      <line num="92" type="stmt" count="1"/>
      <line num="93" type="stmt" count="1"/>
      <line num="96" type="stmt" count="0"/>
      <line num="97" type="stmt" count="0"/>
      <line num="100" type="stmt" count="0"/>
      <line num="108" type="method" name="transformBlockItems" visibility="private" complexity="2" crap="6" count="0"/>
      <line num="110" type="stmt" count="0"/>
      <line num="111" type="stmt" count="0"/>
      <line num="113" type="stmt" count="0"/>
      <line num="114" type="stmt" count="0"/>
      <line num="115" type="stmt" count="0"/>
      <line num="116" type="stmt" count="0"/>
      <line num="117" type="stmt" count="0"/>
      <line num="118" type="stmt" count="0"/>
      <line num="119" type="stmt" count="0"/>
      <line num="120" type="stmt" count="0"/>
      <line num="121" type="stmt" count="0"/>
      <line num="122" type="stmt" count="0"/>
      <line num="123" type="stmt" count="0"/>
      <line num="124" type="stmt" count="0"/>
      <line num="125" type="stmt" count="0"/>
      <line num="128" type="stmt" count="0"/>
      <metrics loc="131" ncloc="104" classes="1" methods="6" coveredmethods="2" conditionals="0" coveredconditionals="0" statements="46" coveredstatements="23" elements="52" coveredelements="25"/>
    </file>
    <metrics files="11" loc="1038" ncloc="836" classes="10" methods="45" coveredmethods="33" conditionals="0" coveredconditionals="0" statements="335" coveredstatements="294" elements="380" coveredelements="327"/>
  </project>
</coverage>
